<?xml version="1.0" encoding="UTF-8"?>
<!-- Generated by org.testng.reporters.JUnitReportReporter -->
<testsuite skipped="0" hostname="LAPTOP-7N9U184H" name="com.banking.testcases.AddNewCustomerTest" tests="1" failures="0" timestamp="08 May 2021 12:26:45 GMT" time="5.877" errors="0">
  <testcase name="addCustomer" time="5.877" classname="com.banking.testcases.AddNewCustomerTest"/>
</testsuite> <!-- com.banking.testcases.AddNewCustomerTest -->
