<?xml version="1.0" encoding="UTF-8"?>
<!-- Generated by org.testng.reporters.JUnitReportReporter -->
<testsuite skipped="0" hostname="LAPTOP-7N9U184H" name="com.banking.testcases.MyTest" tests="1" failures="0" timestamp="06 May 2021 17:49:27 GMT" time="1.328" errors="0">
  <testcase name="comeOn" time="1.328" classname="com.banking.testcases.MyTest"/>
</testsuite> <!-- com.banking.testcases.MyTest -->
