<?xml version="1.0" encoding="UTF-8"?>
<!-- Generated by org.testng.reporters.JUnitReportReporter -->
<testsuite skipped="0" hostname="LAPTOP-7N9U184H" name="com.banking.testcases.LoginTest" tests="1" failures="0" timestamp="08 May 2021 12:26:45 GMT" time="2.854" errors="0">
  <testcase name="loginAsBankManager" time="2.854" classname="com.banking.testcases.LoginTest"/>
</testsuite> <!-- com.banking.testcases.LoginTest -->
