<?xml version="1.0" encoding="UTF-8"?>
<!-- Generated by org.testng.reporters.JUnitReportReporter -->
<testsuite skipped="0" hostname="LAPTOP-7N9U184H" name="com.banking.testcases.LoginTest" tests="1" failures="0" timestamp="07 May 2021 03:03:46 GMT" time="2.152" errors="0">
  <testcase name="loginAsBankManager" time="2.152" classname="com.banking.testcases.LoginTest"/>
</testsuite> <!-- com.banking.testcases.LoginTest -->
